<?xml version="1.0" encoding="UTF-8"?>
<!-- Generated by org.testng.reporters.JUnitXMLReporter -->
<testsuite hostname="DESKTOP-9715G1F" ignored="0" name="Default test" tests="12" failures="0" timestamp="2020-08-07T13:11:51 IST" time="0.194" errors="0">
  <testcase name="addTest" time="0.028" classname="maventestspractice.MvmdemoTest"/>
  <testcase name="subTest" time="0.002" classname="maventestspractice.MvmdemoTest"/>
  <testcase name="mulTest" time="0.002" classname="maventestspractice.MvmdemoTest"/>
  <testcase name="addTest" time="0.002" classname="maventestspractice.Mvmdemo3Test"/>
  <testcase name="subTest" time="0.001" classname="maventestspractice.Mvmdemo3Test"/>
  <testcase name="mulTest" time="0.002" classname="maventestspractice.Mvmdemo3Test"/>
  <testcase name="addTest" time="0.004" classname="maventestspractice.Mvmdemo2Test"/>
  <testcase name="subTest" time="0.005" classname="maventestspractice.Mvmdemo2Test"/>
  <testcase name="mulTest" time="0.002" classname="maventestspractice.Mvmdemo2Test"/>
  <testcase name="addTest" time="0.002" classname="maventestspractice.Mvmdemo1Test"/>
  <testcase name="subTest" time="0.002" classname="maventestspractice.Mvmdemo1Test"/>
  <testcase name="mulTest" time="0.002" classname="maventestspractice.Mvmdemo1Test"/>
</testsuite> <!-- Default test -->
