<?xml version="1.0" encoding="UTF-8"?>
<!-- Generated by org.testng.reporters.JUnitXMLReporter -->
<testsuite hostname="DESKTOP-9715G1F" ignored="0" name="Test" tests="12" failures="0" timestamp="2020-07-14T10:36:43 IST" time="0.181" errors="0">
  <testcase name="addTest" time="0.029" classname="maventestspractice.Mvmdemo1Test"/>
  <testcase name="subTest" time="0.003" classname="maventestspractice.Mvmdemo1Test"/>
  <testcase name="mulTest" time="0.003" classname="maventestspractice.Mvmdemo1Test"/>
  <testcase name="addTest" time="0.003" classname="maventestspractice.Mvmdemo2Test"/>
  <testcase name="subTest" time="0.003" classname="maventestspractice.Mvmdemo2Test"/>
  <testcase name="mulTest" time="0.007" classname="maventestspractice.Mvmdemo2Test"/>
  <testcase name="addTest" time="0.002" classname="maventestspractice.Mvmdemo3Test"/>
  <testcase name="subTest" time="0.002" classname="maventestspractice.Mvmdemo3Test"/>
  <testcase name="mulTest" time="0.002" classname="maventestspractice.Mvmdemo3Test"/>
  <testcase name="addTest" time="0.004" classname="maventestspractice.MvmdemoTest"/>
  <testcase name="subTest" time="0.003" classname="maventestspractice.MvmdemoTest"/>
  <testcase name="mulTest" time="0.006" classname="maventestspractice.MvmdemoTest"/>
</testsuite> <!-- Test -->
