<?xml version="1.0" encoding="UTF-8"?>
<!-- Generated by org.testng.reporters.JUnitXMLReporter -->
<testsuite hostname="DESKTOP-9715G1F" ignored="0" name="maven1Test" tests="12" failures="0" timestamp="2020-06-19T11:38:24 IST" time="0.103" errors="0">
  <testcase name="addTest" time="0.01" classname="maventestspractice.MvmdemoTest"/>
  <testcase name="subTest" time="0.001" classname="maventestspractice.MvmdemoTest"/>
  <testcase name="mulTest" time="0.0" classname="maventestspractice.MvmdemoTest"/>
  <testcase name="addTest" time="0.001" classname="maventestspractice.Mvmdemo1Test"/>
  <testcase name="subTest" time="0.001" classname="maventestspractice.Mvmdemo1Test"/>
  <testcase name="mulTest" time="0.0" classname="maventestspractice.Mvmdemo1Test"/>
  <testcase name="addTest" time="0.001" classname="maventestspractice.Mvmdemo2Test"/>
  <testcase name="subTest" time="0.001" classname="maventestspractice.Mvmdemo2Test"/>
  <testcase name="mulTest" time="0.001" classname="maventestspractice.Mvmdemo2Test"/>
  <testcase name="addTest" time="0.001" classname="maventestspractice.Mvmdemo3Test"/>
  <testcase name="subTest" time="0.001" classname="maventestspractice.Mvmdemo3Test"/>
  <testcase name="mulTest" time="0.001" classname="maventestspractice.Mvmdemo3Test"/>
</testsuite> <!-- maven1Test -->
