<?xml version="1.0" encoding="UTF-8"?>
<testng-results skipped="0" failed="0" ignored="0" total="12" passed="12">
  <reporter-output>
  </reporter-output>
  <suite name="maven1Suite" duration-ms="103" started-at="2020-06-19T11:38:24 IST" finished-at="2020-06-19T11:38:24 IST">
    <groups>
    </groups>
    <test name="maven1Test" duration-ms="103" started-at="2020-06-19T11:38:24 IST" finished-at="2020-06-19T11:38:24 IST">
      <class name="maventestspractice.MvmdemoTest">
        <test-method status="PASS" signature="addTest()[pri:1, instance:maventestspractice.MvmdemoTest@148080bb]" name="addTest" duration-ms="10" started-at="2020-06-19T11:38:24 IST" finished-at="2020-06-19T11:38:24 IST">
          <reporter-output>
          </reporter-output>
        </test-method> <!-- addTest -->
        <test-method status="PASS" signature="subTest()[pri:2, instance:maventestspractice.MvmdemoTest@148080bb]" name="subTest" duration-ms="1" started-at="2020-06-19T11:38:24 IST" finished-at="2020-06-19T11:38:24 IST">
          <reporter-output>
          </reporter-output>
        </test-method> <!-- subTest -->
        <test-method status="PASS" signature="mulTest()[pri:3, instance:maventestspractice.MvmdemoTest@148080bb]" name="mulTest" duration-ms="0" started-at="2020-06-19T11:38:24 IST" finished-at="2020-06-19T11:38:24 IST">
          <reporter-output>
          </reporter-output>
        </test-method> <!-- mulTest -->
      </class> <!-- maventestspractice.MvmdemoTest -->
      <class name="maventestspractice.Mvmdemo3Test">
        <test-method status="PASS" signature="addTest()[pri:1, instance:maventestspractice.Mvmdemo3Test@6e1ec318]" name="addTest" duration-ms="1" started-at="2020-06-19T11:38:24 IST" finished-at="2020-06-19T11:38:24 IST">
          <reporter-output>
          </reporter-output>
        </test-method> <!-- addTest -->
        <test-method status="PASS" signature="subTest()[pri:2, instance:maventestspractice.Mvmdemo3Test@6e1ec318]" name="subTest" duration-ms="1" started-at="2020-06-19T11:38:24 IST" finished-at="2020-06-19T11:38:24 IST">
          <reporter-output>
          </reporter-output>
        </test-method> <!-- subTest -->
        <test-method status="PASS" signature="mulTest()[pri:3, instance:maventestspractice.Mvmdemo3Test@6e1ec318]" name="mulTest" duration-ms="1" started-at="2020-06-19T11:38:24 IST" finished-at="2020-06-19T11:38:24 IST">
          <reporter-output>
          </reporter-output>
        </test-method> <!-- mulTest -->
      </class> <!-- maventestspractice.Mvmdemo3Test -->
      <class name="maventestspractice.Mvmdemo2Test">
        <test-method status="PASS" signature="addTest()[pri:1, instance:maventestspractice.Mvmdemo2Test@10bdf5e5]" name="addTest" duration-ms="1" started-at="2020-06-19T11:38:24 IST" finished-at="2020-06-19T11:38:24 IST">
          <reporter-output>
          </reporter-output>
        </test-method> <!-- addTest -->
        <test-method status="PASS" signature="subTest()[pri:2, instance:maventestspractice.Mvmdemo2Test@10bdf5e5]" name="subTest" duration-ms="1" started-at="2020-06-19T11:38:24 IST" finished-at="2020-06-19T11:38:24 IST">
          <reporter-output>
          </reporter-output>
        </test-method> <!-- subTest -->
        <test-method status="PASS" signature="mulTest()[pri:3, instance:maventestspractice.Mvmdemo2Test@10bdf5e5]" name="mulTest" duration-ms="1" started-at="2020-06-19T11:38:24 IST" finished-at="2020-06-19T11:38:24 IST">
          <reporter-output>
          </reporter-output>
        </test-method> <!-- mulTest -->
      </class> <!-- maventestspractice.Mvmdemo2Test -->
      <class name="maventestspractice.Mvmdemo1Test">
        <test-method status="PASS" signature="addTest()[pri:1, instance:maventestspractice.Mvmdemo1Test@dc24521]" name="addTest" duration-ms="1" started-at="2020-06-19T11:38:24 IST" finished-at="2020-06-19T11:38:24 IST">
          <reporter-output>
          </reporter-output>
        </test-method> <!-- addTest -->
        <test-method status="PASS" signature="subTest()[pri:2, instance:maventestspractice.Mvmdemo1Test@dc24521]" name="subTest" duration-ms="1" started-at="2020-06-19T11:38:24 IST" finished-at="2020-06-19T11:38:24 IST">
          <reporter-output>
          </reporter-output>
        </test-method> <!-- subTest -->
        <test-method status="PASS" signature="mulTest()[pri:3, instance:maventestspractice.Mvmdemo1Test@dc24521]" name="mulTest" duration-ms="0" started-at="2020-06-19T11:38:24 IST" finished-at="2020-06-19T11:38:24 IST">
          <reporter-output>
          </reporter-output>
        </test-method> <!-- mulTest -->
      </class> <!-- maventestspractice.Mvmdemo1Test -->
    </test> <!-- maven1Test -->
  </suite> <!-- maven1Suite -->
</testng-results>
