<?xml version="1.0" encoding="UTF-8"?>
<!-- Generated by org.testng.reporters.JUnitXMLReporter -->
<testsuite hostname="DESKTOP-9715G1F" ignored="0" name="maven1Test" tests="9" failures="0" timestamp="2020-06-18T19:50:08 IST" time="0.207" errors="0">
  <testcase name="addTest" time="0.022" classname="maventestspractice.MvmdemoTest"/>
  <testcase name="subTest" time="0.003" classname="maventestspractice.MvmdemoTest"/>
  <testcase name="mulTest" time="0.003" classname="maventestspractice.MvmdemoTest"/>
  <testcase name="addTest" time="0.001" classname="maventestspractice.Mvmdemo1Test"/>
  <testcase name="subTest" time="0.002" classname="maventestspractice.Mvmdemo1Test"/>
  <testcase name="mulTest" time="0.002" classname="maventestspractice.Mvmdemo1Test"/>
  <testcase name="addTest" time="0.002" classname="maventestspractice.Mvmdemo2Test"/>
  <testcase name="subTest" time="0.001" classname="maventestspractice.Mvmdemo2Test"/>
  <testcase name="mulTest" time="0.003" classname="maventestspractice.Mvmdemo2Test"/>
</testsuite> <!-- maven1Test -->
